{"C:\\Users\\crist\\OneDrive\\Desktop\\PROYECTO DE ESTUDIO\\Samantails\\server\\src\\database.ts": {"path":"C:\\Users\\crist\\OneDrive\\Desktop\\PROYECTO DE ESTUDIO\\Samantails\\server\\src\\database.ts","statementMap":{"0":{"start":{"line":15,"column":0},"end":{"line":15,"column":7}},"1":{"start":{"line":110,"column":0},"end":{"line":110,"column":16}},"2":{"start":{"line":114,"column":0},"end":{"line":114,"column":16}},"3":{"start":{"line":125,"column":0},"end":{"line":125,"column":16}},"4":{"start":{"line":130,"column":0},"end":{"line":130,"column":16}},"5":{"start":{"line":141,"column":9},"end":{"line":141,"column":21}},"6":{"start":{"line":1,"column":0},"end":{"line":1,"column":62}},"7":{"start":{"line":2,"column":0},"end":{"line":2,"column":20}},"8":{"start":{"line":3,"column":0},"end":{"line":3,"column":24}},"9":{"start":{"line":5,"column":16},"end":{"line":5,"column":59}},"10":{"start":{"line":10,"column":15},"end":{"line":10,"column":26}},"11":{"start":{"line":11,"column":17},"end":{"line":11,"column":34}},"12":{"start":{"line":12,"column":2},"end":{"line":12,"column":36}},"13":{"start":{"line":16,"column":14},"end":{"line":16,"column":31}},"14":{"start":{"line":18,"column":2},"end":{"line":23,"column":3}},"15":{"start":{"line":19,"column":23},"end":{"line":19,"column":47}},"16":{"start":{"line":20,"column":4},"end":{"line":20,"column":38}},"17":{"start":{"line":22,"column":4},"end":{"line":22,"column":28}},"18":{"start":{"line":25,"column":2},"end":{"line":25,"column":37}},"19":{"start":{"line":27,"column":2},"end":{"line":35,"column":5}},"20":{"start":{"line":37,"column":2},"end":{"line":50,"column":5}},"21":{"start":{"line":52,"column":2},"end":{"line":61,"column":5}},"22":{"start":{"line":63,"column":2},"end":{"line":73,"column":5}},"23":{"start":{"line":75,"column":2},"end":{"line":75,"column":17}},"24":{"start":{"line":76,"column":2},"end":{"line":76,"column":17}},"25":{"start":{"line":77,"column":2},"end":{"line":77,"column":65}},"26":{"start":{"line":81,"column":17},"end":{"line":81,"column":66}},"27":{"start":{"line":82,"column":16},"end":{"line":82,"column":72}},"28":{"start":{"line":84,"column":2},"end":{"line":107,"column":3}},"29":{"start":{"line":85,"column":21},"end":{"line":95,"column":6}},"30":{"start":{"line":97,"column":17},"end":{"line":98,"column":null}},"31":{"start":{"line":101,"column":4},"end":{"line":103,"column":5}},"32":{"start":{"line":102,"column":6},"end":{"line":102,"column":88}},"33":{"start":{"line":104,"column":4},"end":{"line":104,"column":16}},"34":{"start":{"line":105,"column":4},"end":{"line":105,"column":19}},"35":{"start":{"line":106,"column":4},"end":{"line":106,"column":59}},"36":{"start":{"line":111,"column":2},"end":{"line":111,"column":12}},"37":{"start":{"line":115,"column":15},"end":{"line":115,"column":30}},"38":{"start":{"line":116,"column":2},"end":{"line":116,"column":32}},"39":{"start":{"line":116,"column":14},"end":{"line":116,"column":32}},"40":{"start":{"line":117,"column":22},"end":{"line":117,"column":24}},"41":{"start":{"line":118,"column":2},"end":{"line":120,"column":3}},"42":{"start":{"line":119,"column":4},"end":{"line":119,"column":34}},"43":{"start":{"line":121,"column":2},"end":{"line":121,"column":14}},"44":{"start":{"line":122,"column":2},"end":{"line":122,"column":14}},"45":{"start":{"line":126,"column":15},"end":{"line":126,"column":36}},"46":{"start":{"line":127,"column":2},"end":{"line":127,"column":42}},"47":{"start":{"line":131,"column":2},"end":{"line":131,"column":22}},"48":{"start":{"line":132,"column":2},"end":{"line":132,"column":17}},"49":{"start":{"line":133,"column":17},"end":{"line":133,"column":54}},"50":{"start":{"line":134,"column":18},"end":{"line":134,"column":38}},"51":{"start":{"line":135,"column":2},"end":{"line":138,"column":4}}},"fnMap":{"0":{"name":"saveDatabase","decl":{"start":{"line":9,"column":9},"end":{"line":9,"column":21}},"loc":{"start":{"line":9,"column":21},"end":{"line":13,"column":1}}},"1":{"name":"initializeDatabase","decl":{"start":{"line":15,"column":22},"end":{"line":15,"column":40}},"loc":{"start":{"line":15,"column":40},"end":{"line":78,"column":1}}},"2":{"name":"seedDatabase","decl":{"start":{"line":80,"column":9},"end":{"line":80,"column":21}},"loc":{"start":{"line":80,"column":21},"end":{"line":108,"column":1}}},"3":{"name":"getDb","decl":{"start":{"line":110,"column":16},"end":{"line":110,"column":21}},"loc":{"start":{"line":110,"column":21},"end":{"line":112,"column":1}}},"4":{"name":"queryAll","decl":{"start":{"line":114,"column":16},"end":{"line":114,"column":24}},"loc":{"start":{"line":114,"column":52},"end":{"line":123,"column":1}}},"5":{"name":"queryOne","decl":{"start":{"line":125,"column":16},"end":{"line":125,"column":24}},"loc":{"start":{"line":125,"column":52},"end":{"line":128,"column":1}}},"6":{"name":"run","decl":{"start":{"line":130,"column":16},"end":{"line":130,"column":19}},"loc":{"start":{"line":130,"column":47},"end":{"line":139,"column":1}}}},"branchMap":{"0":{"loc":{"start":{"line":18,"column":2},"end":{"line":23,"column":3}},"type":"if","locations":[{"start":{"line":18,"column":2},"end":{"line":23,"column":3}},{"start":{"line":21,"column":9},"end":{"line":23,"column":3}}]},"1":{"loc":{"start":{"line":82,"column":16},"end":{"line":82,"column":72}},"type":"cond-expr","locations":[{"start":{"line":82,"column":36},"end":{"line":82,"column":68}},{"start":{"line":82,"column":71},"end":{"line":82,"column":72}}]},"2":{"loc":{"start":{"line":84,"column":2},"end":{"line":107,"column":3}},"type":"if","locations":[{"start":{"line":84,"column":2},"end":{"line":107,"column":3}}]},"3":{"loc":{"start":{"line":116,"column":2},"end":{"line":116,"column":32}},"type":"if","locations":[{"start":{"line":116,"column":2},"end":{"line":116,"column":32}}]},"4":{"loc":{"start":{"line":127,"column":9},"end":{"line":127,"column":41}},"type":"cond-expr","locations":[{"start":{"line":127,"column":27},"end":{"line":127,"column":34}},{"start":{"line":127,"column":37},"end":{"line":127,"column":41}}]},"5":{"loc":{"start":{"line":136,"column":21},"end":{"line":136,"column":77}},"type":"cond-expr","locations":[{"start":{"line":136,"column":41},"end":{"line":136,"column":73}},{"start":{"line":136,"column":76},"end":{"line":136,"column":77}}]}},"s":{"0":1,"1":1,"2":1,"3":1,"4":1,"5":1,"6":1,"7":1,"8":1,"9":1,"10":1,"11":1,"12":1,"13":1,"14":1,"15":1,"16":1,"17":0,"18":1,"19":1,"20":1,"21":1,"22":1,"23":1,"24":1,"25":1,"26":1,"27":1,"28":1,"29":0,"30":0,"31":0,"32":0,"33":0,"34":0,"35":0,"36":0,"37":5,"38":5,"39":3,"40":5,"41":5,"42":19,"43":5,"44":5,"45":2,"46":2,"47":0,"48":0,"49":0,"50":0,"51":0},"f":{"0":1,"1":1,"2":1,"3":0,"4":5,"5":2,"6":0},"b":{"0":[1,0],"1":[1,0],"2":[0],"3":[3],"4":[1,1],"5":[0,0]}}
,"C:\\Users\\crist\\OneDrive\\Desktop\\PROYECTO DE ESTUDIO\\Samantails\\server\\src\\index.ts": {"path":"C:\\Users\\crist\\OneDrive\\Desktop\\PROYECTO DE ESTUDIO\\Samantails\\server\\src\\index.ts","statementMap":{"0":{"start":{"line":1,"column":0},"end":{"line":1,"column":30}},"1":{"start":{"line":2,"column":0},"end":{"line":2,"column":24}},"2":{"start":{"line":3,"column":0},"end":{"line":3,"column":48}},"3":{"start":{"line":4,"column":0},"end":{"line":4,"column":46}},"4":{"start":{"line":5,"column":0},"end":{"line":5,"column":54}},"5":{"start":{"line":6,"column":0},"end":{"line":6,"column":50}},"6":{"start":{"line":9,"column":2},"end":{"line":9,"column":29}},"7":{"start":{"line":11,"column":14},"end":{"line":11,"column":23}},"8":{"start":{"line":12,"column":15},"end":{"line":12,"column":39}},"9":{"start":{"line":14,"column":2},"end":{"line":14,"column":72}},"10":{"start":{"line":15,"column":2},"end":{"line":15,"column":26}},"11":{"start":{"line":17,"column":2},"end":{"line":17,"column":35}},"12":{"start":{"line":18,"column":2},"end":{"line":18,"column":43}},"13":{"start":{"line":19,"column":2},"end":{"line":19,"column":39}},"14":{"start":{"line":21,"column":2},"end":{"line":23,"column":5}},"15":{"start":{"line":22,"column":4},"end":{"line":22,"column":68}},"16":{"start":{"line":25,"column":2},"end":{"line":38,"column":5}},"17":{"start":{"line":26,"column":4},"end":{"line":26,"column":77}},"18":{"start":{"line":27,"column":4},"end":{"line":27,"column":42}},"19":{"start":{"line":28,"column":4},"end":{"line":28,"column":47}},"20":{"start":{"line":29,"column":4},"end":{"line":29,"column":44}},"21":{"start":{"line":30,"column":4},"end":{"line":30,"column":41}},"22":{"start":{"line":31,"column":4},"end":{"line":31,"column":42}},"23":{"start":{"line":32,"column":4},"end":{"line":32,"column":61}},"24":{"start":{"line":33,"column":4},"end":{"line":33,"column":53}},"25":{"start":{"line":34,"column":4},"end":{"line":34,"column":46}},"26":{"start":{"line":35,"column":4},"end":{"line":35,"column":40}},"27":{"start":{"line":36,"column":4},"end":{"line":36,"column":40}},"28":{"start":{"line":37,"column":4},"end":{"line":37,"column":44}},"29":{"start":{"line":41,"column":0},"end":{"line":41,"column":35}},"30":{"start":{"line":43,"column":0},"end":{"line":43,"column":27}}},"fnMap":{"0":{"name":"startServer","decl":{"start":{"line":8,"column":15},"end":{"line":8,"column":26}},"loc":{"start":{"line":8,"column":26},"end":{"line":39,"column":1}}},"1":{"name":"(anonymous_2)","decl":{"start":{"line":21,"column":25},"end":{"line":21,"column":26}},"loc":{"start":{"line":21,"column":39},"end":{"line":23,"column":3}}},"2":{"name":"(anonymous_3)","decl":{"start":{"line":25,"column":19},"end":{"line":25,"column":22}},"loc":{"start":{"line":25,"column":24},"end":{"line":38,"column":3}}}},"branchMap":{"0":{"loc":{"start":{"line":12,"column":15},"end":{"line":12,"column":39}},"type":"binary-expr","locations":[{"start":{"line":12,"column":15},"end":{"line":12,"column":31}},{"start":{"line":12,"column":35},"end":{"line":12,"column":39}}]}},"s":{"0":0,"1":0,"2":0,"3":0,"4":0,"5":0,"6":0,"7":0,"8":0,"9":0,"10":0,"11":0,"12":0,"13":0,"14":0,"15":0,"16":0,"17":0,"18":0,"19":0,"20":0,"21":0,"22":0,"23":0,"24":0,"25":0,"26":0,"27":0,"28":0,"29":0,"30":0},"f":{"0":0,"1":0,"2":0},"b":{"0":[0,0]}}
,"C:\\Users\\crist\\OneDrive\\Desktop\\PROYECTO DE ESTUDIO\\Samantails\\server\\src\\sql.js.d.ts": {"path":"C:\\Users\\crist\\OneDrive\\Desktop\\PROYECTO DE ESTUDIO\\Samantails\\server\\src\\sql.js.d.ts","statementMap":{},"fnMap":{},"branchMap":{},"s":{},"f":{},"b":{}}
,"C:\\Users\\crist\\OneDrive\\Desktop\\PROYECTO DE ESTUDIO\\Samantails\\server\\src\\middleware\\auth.middleware.ts": {"path":"C:\\Users\\crist\\OneDrive\\Desktop\\PROYECTO DE ESTUDIO\\Samantails\\server\\src\\middleware\\auth.middleware.ts","statementMap":{"0":{"start":{"line":10,"column":0},"end":{"line":10,"column":16}},"1":{"start":{"line":14,"column":0},"end":{"line":14,"column":16}},"2":{"start":{"line":33,"column":0},"end":{"line":33,"column":16}},"3":{"start":{"line":2,"column":0},"end":{"line":2,"column":31}},"4":{"start":{"line":4,"column":19},"end":{"line":4,"column":73}},"5":{"start":{"line":11,"column":2},"end":{"line":11,"column":74}},"6":{"start":{"line":15,"column":21},"end":{"line":15,"column":46}},"7":{"start":{"line":17,"column":2},"end":{"line":20,"column":3}},"8":{"start":{"line":18,"column":4},"end":{"line":18,"column":62}},"9":{"start":{"line":19,"column":4},"end":{"line":19,"column":11}},"10":{"start":{"line":22,"column":16},"end":{"line":22,"column":40}},"11":{"start":{"line":24,"column":2},"end":{"line":30,"column":3}},"12":{"start":{"line":25,"column":20},"end":{"line":25,"column":89}},"13":{"start":{"line":26,"column":4},"end":{"line":26,"column":32}},"14":{"start":{"line":27,"column":4},"end":{"line":27,"column":11}},"15":{"start":{"line":29,"column":4},"end":{"line":29,"column":65}},"16":{"start":{"line":34,"column":21},"end":{"line":34,"column":46}},"17":{"start":{"line":36,"column":2},"end":{"line":44,"column":3}},"18":{"start":{"line":37,"column":18},"end":{"line":37,"column":42}},"19":{"start":{"line":38,"column":4},"end":{"line":43,"column":5}},"20":{"start":{"line":39,"column":22},"end":{"line":39,"column":91}},"21":{"start":{"line":40,"column":6},"end":{"line":40,"column":34}},"22":{"start":{"line":45,"column":2},"end":{"line":45,"column":9}}},"fnMap":{"0":{"name":"generateToken","decl":{"start":{"line":10,"column":16},"end":{"line":10,"column":29}},"loc":{"start":{"line":10,"column":62},"end":{"line":12,"column":1}}},"1":{"name":"authMiddleware","decl":{"start":{"line":14,"column":16},"end":{"line":14,"column":30}},"loc":{"start":{"line":14,"column":82},"end":{"line":31,"column":1}}},"2":{"name":"optionalAuth","decl":{"start":{"line":33,"column":16},"end":{"line":33,"column":28}},"loc":{"start":{"line":33,"column":81},"end":{"line":46,"column":1}}}},"branchMap":{"0":{"loc":{"start":{"line":4,"column":19},"end":{"line":4,"column":73}},"type":"binary-expr","locations":[{"start":{"line":4,"column":19},"end":{"line":4,"column":41}},{"start":{"line":4,"column":45},"end":{"line":4,"column":73}}]},"1":{"loc":{"start":{"line":17,"column":2},"end":{"line":20,"column":3}},"type":"if","locations":[{"start":{"line":17,"column":2},"end":{"line":20,"column":3}}]},"2":{"loc":{"start":{"line":17,"column":6},"end":{"line":17,"column":54}},"type":"binary-expr","locations":[{"start":{"line":17,"column":6},"end":{"line":17,"column":17}},{"start":{"line":17,"column":21},"end":{"line":17,"column":54}}]},"3":{"loc":{"start":{"line":36,"column":2},"end":{"line":44,"column":3}},"type":"if","locations":[{"start":{"line":36,"column":2},"end":{"line":44,"column":3}}]},"4":{"loc":{"start":{"line":36,"column":6},"end":{"line":36,"column":52}},"type":"binary-expr","locations":[{"start":{"line":36,"column":6},"end":{"line":36,"column":16}},{"start":{"line":36,"column":20},"end":{"line":36,"column":52}}]}},"s":{"0":1,"1":1,"2":1,"3":1,"4":1,"5":4,"6":0,"7":0,"8":0,"9":0,"10":0,"11":0,"12":0,"13":0,"14":0,"15":0,"16":0,"17":0,"18":0,"19":0,"20":0,"21":0,"22":0},"f":{"0":4,"1":0,"2":0},"b":{"0":[1,1],"1":[0],"2":[0,0],"3":[0],"4":[0,0]}}
,"C:\\Users\\crist\\OneDrive\\Desktop\\PROYECTO DE ESTUDIO\\Samantails\\server\\src\\routes\\auth.routes.ts": {"path":"C:\\Users\\crist\\OneDrive\\Desktop\\PROYECTO DE ESTUDIO\\Samantails\\server\\src\\routes\\auth.routes.ts","statementMap":{"0":{"start":{"line":1,"column":0},"end":{"line":1,"column":52}},"1":{"start":{"line":2,"column":0},"end":{"line":2,"column":30}},"2":{"start":{"line":3,"column":0},"end":{"line":3,"column":44}},"3":{"start":{"line":4,"column":0},"end":{"line":4,"column":91}},"4":{"start":{"line":6,"column":15},"end":{"line":6,"column":23}},"5":{"start":{"line":8,"column":0},"end":{"line":38,"column":3}},"6":{"start":{"line":9,"column":40},"end":{"line":9,"column":48}},"7":{"start":{"line":11,"column":2},"end":{"line":14,"column":3}},"8":{"start":{"line":12,"column":4},"end":{"line":12,"column":71}},"9":{"start":{"line":13,"column":4},"end":{"line":13,"column":11}},"10":{"start":{"line":16,"column":19},"end":{"line":18,"column":null}},"11":{"start":{"line":20,"column":2},"end":{"line":23,"column":3}},"12":{"start":{"line":21,"column":4},"end":{"line":21,"column":77}},"13":{"start":{"line":22,"column":4},"end":{"line":22,"column":11}},"14":{"start":{"line":25,"column":25},"end":{"line":25,"column":54}},"15":{"start":{"line":26,"column":17},"end":{"line":28,"column":null}},"16":{"start":{"line":31,"column":16},"end":{"line":31,"column":63}},"17":{"start":{"line":33,"column":2},"end":{"line":37,"column":5}},"18":{"start":{"line":40,"column":0},"end":{"line":71,"column":3}},"19":{"start":{"line":41,"column":33},"end":{"line":41,"column":41}},"20":{"start":{"line":43,"column":2},"end":{"line":46,"column":3}},"21":{"start":{"line":44,"column":4},"end":{"line":44,"column":71}},"22":{"start":{"line":45,"column":4},"end":{"line":45,"column":11}},"23":{"start":{"line":48,"column":15},"end":{"line":50,"column":null}},"24":{"start":{"line":53,"column":2},"end":{"line":56,"column":3}},"25":{"start":{"line":54,"column":4},"end":{"line":54,"column":72}},"26":{"start":{"line":55,"column":4},"end":{"line":55,"column":11}},"27":{"start":{"line":58,"column":24},"end":{"line":58,"column":67}},"28":{"start":{"line":59,"column":2},"end":{"line":62,"column":3}},"29":{"start":{"line":60,"column":4},"end":{"line":60,"column":72}},"30":{"start":{"line":61,"column":4},"end":{"line":61,"column":11}},"31":{"start":{"line":64,"column":16},"end":{"line":64,"column":53}},"32":{"start":{"line":66,"column":2},"end":{"line":70,"column":5}},"33":{"start":{"line":73,"column":0},"end":{"line":85,"column":3}},"34":{"start":{"line":74,"column":15},"end":{"line":76,"column":null}},"35":{"start":{"line":79,"column":2},"end":{"line":82,"column":3}},"36":{"start":{"line":80,"column":4},"end":{"line":80,"column":61}},"37":{"start":{"line":81,"column":4},"end":{"line":81,"column":11}},"38":{"start":{"line":84,"column":2},"end":{"line":84,"column":21}},"39":{"start":{"line":87,"column":0},"end":{"line":87,"column":22}}},"fnMap":{"0":{"name":"(anonymous_1)","decl":{"start":{"line":8,"column":25},"end":{"line":8,"column":26}},"loc":{"start":{"line":8,"column":57},"end":{"line":38,"column":1}}},"1":{"name":"(anonymous_2)","decl":{"start":{"line":40,"column":22},"end":{"line":40,"column":23}},"loc":{"start":{"line":40,"column":54},"end":{"line":71,"column":1}}},"2":{"name":"(anonymous_3)","decl":{"start":{"line":73,"column":34},"end":{"line":73,"column":35}},"loc":{"start":{"line":73,"column":70},"end":{"line":85,"column":1}}}},"branchMap":{"0":{"loc":{"start":{"line":11,"column":2},"end":{"line":14,"column":3}},"type":"if","locations":[{"start":{"line":11,"column":2},"end":{"line":14,"column":3}}]},"1":{"loc":{"start":{"line":11,"column":6},"end":{"line":11,"column":38}},"type":"binary-expr","locations":[{"start":{"line":11,"column":6},"end":{"line":11,"column":15}},{"start":{"line":11,"column":19},"end":{"line":11,"column":25}},{"start":{"line":11,"column":29},"end":{"line":11,"column":38}}]},"2":{"loc":{"start":{"line":20,"column":2},"end":{"line":23,"column":3}},"type":"if","locations":[{"start":{"line":20,"column":2},"end":{"line":23,"column":3}}]},"3":{"loc":{"start":{"line":43,"column":2},"end":{"line":46,"column":3}},"type":"if","locations":[{"start":{"line":43,"column":2},"end":{"line":46,"column":3}}]},"4":{"loc":{"start":{"line":43,"column":6},"end":{"line":43,"column":28}},"type":"binary-expr","locations":[{"start":{"line":43,"column":6},"end":{"line":43,"column":15}},{"start":{"line":43,"column":19},"end":{"line":43,"column":28}}]},"5":{"loc":{"start":{"line":53,"column":2},"end":{"line":56,"column":3}},"type":"if","locations":[{"start":{"line":53,"column":2},"end":{"line":56,"column":3}}]},"6":{"loc":{"start":{"line":59,"column":2},"end":{"line":62,"column":3}},"type":"if","locations":[{"start":{"line":59,"column":2},"end":{"line":62,"column":3}}]},"7":{"loc":{"start":{"line":79,"column":2},"end":{"line":82,"column":3}},"type":"if","locations":[{"start":{"line":79,"column":2},"end":{"line":82,"column":3}}]}},"s":{"0":0,"1":0,"2":0,"3":0,"4":0,"5":0,"6":0,"7":0,"8":0,"9":0,"10":0,"11":0,"12":0,"13":0,"14":0,"15":0,"16":0,"17":0,"18":0,"19":0,"20":0,"21":0,"22":0,"23":0,"24":0,"25":0,"26":0,"27":0,"28":0,"29":0,"30":0,"31":0,"32":0,"33":0,"34":0,"35":0,"36":0,"37":0,"38":0,"39":0},"f":{"0":0,"1":0,"2":0},"b":{"0":[0],"1":[0,0,0],"2":[0],"3":[0],"4":[0,0],"5":[0],"6":[0],"7":[0]}}
,"C:\\Users\\crist\\OneDrive\\Desktop\\PROYECTO DE ESTUDIO\\Samantails\\server\\src\\routes\\orders.routes.ts": {"path":"C:\\Users\\crist\\OneDrive\\Desktop\\PROYECTO DE ESTUDIO\\Samantails\\server\\src\\routes\\orders.routes.ts","statementMap":{"0":{"start":{"line":1,"column":0},"end":{"line":1,"column":43}},"1":{"start":{"line":2,"column":0},"end":{"line":2,"column":54}},"2":{"start":{"line":3,"column":0},"end":{"line":3,"column":76}},"3":{"start":{"line":5,"column":15},"end":{"line":5,"column":23}},"4":{"start":{"line":7,"column":0},"end":{"line":7,"column":27}},"5":{"start":{"line":9,"column":0},"end":{"line":46,"column":3}},"6":{"start":{"line":10,"column":20},"end":{"line":10,"column":28}},"7":{"start":{"line":12,"column":2},"end":{"line":15,"column":3}},"8":{"start":{"line":13,"column":4},"end":{"line":13,"column":61}},"9":{"start":{"line":14,"column":4},"end":{"line":14,"column":11}},"10":{"start":{"line":17,"column":14},"end":{"line":17,"column":15}},"11":{"start":{"line":18,"column":2},"end":{"line":25,"column":3}},"12":{"start":{"line":19,"column":20},"end":{"line":19,"column":96}},"13":{"start":{"line":20,"column":4},"end":{"line":23,"column":5}},"14":{"start":{"line":21,"column":6},"end":{"line":21,"column":82}},"15":{"start":{"line":22,"column":6},"end":{"line":22,"column":13}},"16":{"start":{"line":24,"column":4},"end":{"line":24,"column":43}},"17":{"start":{"line":27,"column":22},"end":{"line":29,"column":null}},"18":{"start":{"line":32,"column":18},"end":{"line":32,"column":45}},"19":{"start":{"line":34,"column":2},"end":{"line":40,"column":3}},"20":{"start":{"line":35,"column":20},"end":{"line":35,"column":96}},"21":{"start":{"line":36,"column":4},"end":{"line":39,"column":6}},"22":{"start":{"line":42,"column":2},"end":{"line":45,"column":5}},"23":{"start":{"line":48,"column":0},"end":{"line":60,"column":3}},"24":{"start":{"line":49,"column":17},"end":{"line":56,"column":null}},"25":{"start":{"line":59,"column":2},"end":{"line":59,"column":23}},"26":{"start":{"line":62,"column":0},"end":{"line":82,"column":3}},"27":{"start":{"line":63,"column":16},"end":{"line":65,"column":null}},"28":{"start":{"line":68,"column":2},"end":{"line":71,"column":3}},"29":{"start":{"line":69,"column":4},"end":{"line":69,"column":59}},"30":{"start":{"line":70,"column":4},"end":{"line":70,"column":11}},"31":{"start":{"line":73,"column":16},"end":{"line":78,"column":null}},"32":{"start":{"line":81,"column":2},"end":{"line":81,"column":29}},"33":{"start":{"line":84,"column":0},"end":{"line":84,"column":22}}},"fnMap":{"0":{"name":"(anonymous_0)","decl":{"start":{"line":9,"column":17},"end":{"line":9,"column":18}},"loc":{"start":{"line":9,"column":53},"end":{"line":46,"column":1}}},"1":{"name":"(anonymous_1)","decl":{"start":{"line":48,"column":16},"end":{"line":48,"column":17}},"loc":{"start":{"line":48,"column":52},"end":{"line":60,"column":1}}},"2":{"name":"(anonymous_2)","decl":{"start":{"line":62,"column":19},"end":{"line":62,"column":20}},"loc":{"start":{"line":62,"column":55},"end":{"line":82,"column":1}}}},"branchMap":{"0":{"loc":{"start":{"line":12,"column":2},"end":{"line":15,"column":3}},"type":"if","locations":[{"start":{"line":12,"column":2},"end":{"line":15,"column":3}}]},"1":{"loc":{"start":{"line":12,"column":6},"end":{"line":12,"column":59}},"type":"binary-expr","locations":[{"start":{"line":12,"column":6},"end":{"line":12,"column":12}},{"start":{"line":12,"column":16},"end":{"line":12,"column":37}},{"start":{"line":12,"column":41},"end":{"line":12,"column":59}}]},"2":{"loc":{"start":{"line":20,"column":4},"end":{"line":23,"column":5}},"type":"if","locations":[{"start":{"line":20,"column":4},"end":{"line":23,"column":5}}]},"3":{"loc":{"start":{"line":68,"column":2},"end":{"line":71,"column":3}},"type":"if","locations":[{"start":{"line":68,"column":2},"end":{"line":71,"column":3}}]}},"s":{"0":0,"1":0,"2":0,"3":0,"4":0,"5":0,"6":0,"7":0,"8":0,"9":0,"10":0,"11":0,"12":0,"13":0,"14":0,"15":0,"16":0,"17":0,"18":0,"19":0,"20":0,"21":0,"22":0,"23":0,"24":0,"25":0,"26":0,"27":0,"28":0,"29":0,"30":0,"31":0,"32":0,"33":0},"f":{"0":0,"1":0,"2":0},"b":{"0":[0],"1":[0,0,0],"2":[0],"3":[0]}}
,"C:\\Users\\crist\\OneDrive\\Desktop\\PROYECTO DE ESTUDIO\\Samantails\\server\\src\\routes\\products.routes.ts": {"path":"C:\\Users\\crist\\OneDrive\\Desktop\\PROYECTO DE ESTUDIO\\Samantails\\server\\src\\routes\\products.routes.ts","statementMap":{"0":{"start":{"line":1,"column":0},"end":{"line":1,"column":52}},"1":{"start":{"line":2,"column":0},"end":{"line":2,"column":49}},"2":{"start":{"line":4,"column":15},"end":{"line":4,"column":23}},"3":{"start":{"line":6,"column":0},"end":{"line":17,"column":3}},"4":{"start":{"line":7,"column":23},"end":{"line":7,"column":32}},"5":{"start":{"line":10,"column":2},"end":{"line":14,"column":3}},"6":{"start":{"line":11,"column":4},"end":{"line":11,"column":91}},"7":{"start":{"line":13,"column":4},"end":{"line":13,"column":50}},"8":{"start":{"line":16,"column":2},"end":{"line":16,"column":25}},"9":{"start":{"line":19,"column":0},"end":{"line":23,"column":3}},"10":{"start":{"line":20,"column":15},"end":{"line":20,"column":91}},"11":{"start":{"line":21,"column":15},"end":{"line":21,"column":40}},"12":{"start":{"line":21,"column":29},"end":{"line":21,"column":39}},"13":{"start":{"line":22,"column":2},"end":{"line":22,"column":47}},"14":{"start":{"line":25,"column":0},"end":{"line":34,"column":3}},"15":{"start":{"line":26,"column":18},"end":{"line":26,"column":82}},"16":{"start":{"line":28,"column":2},"end":{"line":31,"column":3}},"17":{"start":{"line":29,"column":4},"end":{"line":29,"column":62}},"18":{"start":{"line":30,"column":4},"end":{"line":30,"column":11}},"19":{"start":{"line":33,"column":2},"end":{"line":33,"column":24}},"20":{"start":{"line":36,"column":0},"end":{"line":36,"column":22}}},"fnMap":{"0":{"name":"(anonymous_0)","decl":{"start":{"line":6,"column":16},"end":{"line":6,"column":17}},"loc":{"start":{"line":6,"column":48},"end":{"line":17,"column":1}}},"1":{"name":"(anonymous_1)","decl":{"start":{"line":19,"column":26},"end":{"line":19,"column":27}},"loc":{"start":{"line":19,"column":59},"end":{"line":23,"column":1}}},"2":{"name":"(anonymous_2)","decl":{"start":{"line":21,"column":24},"end":{"line":21,"column":25}},"loc":{"start":{"line":21,"column":29},"end":{"line":21,"column":39}}},"3":{"name":"(anonymous_3)","decl":{"start":{"line":25,"column":19},"end":{"line":25,"column":20}},"loc":{"start":{"line":25,"column":51},"end":{"line":34,"column":1}}}},"branchMap":{"0":{"loc":{"start":{"line":10,"column":2},"end":{"line":14,"column":3}},"type":"if","locations":[{"start":{"line":10,"column":2},"end":{"line":14,"column":3}},{"start":{"line":12,"column":9},"end":{"line":14,"column":3}}]},"1":{"loc":{"start":{"line":10,"column":6},"end":{"line":10,"column":38}},"type":"binary-expr","locations":[{"start":{"line":10,"column":6},"end":{"line":10,"column":14}},{"start":{"line":10,"column":18},"end":{"line":10,"column":38}}]},"2":{"loc":{"start":{"line":28,"column":2},"end":{"line":31,"column":3}},"type":"if","locations":[{"start":{"line":28,"column":2},"end":{"line":31,"column":3}}]}},"s":{"0":0,"1":0,"2":0,"3":0,"4":0,"5":0,"6":0,"7":0,"8":0,"9":0,"10":0,"11":0,"12":0,"13":0,"14":0,"15":0,"16":0,"17":0,"18":0,"19":0,"20":0},"f":{"0":0,"1":0,"2":0,"3":0},"b":{"0":[0,0],"1":[0,0],"2":[0]}}
}
