TN:
SF:src\database.ts
FN:9,saveDatabase
FN:15,initializeDatabase
FN:80,seedDatabase
FN:110,getDb
FN:114,queryAll
FN:125,queryOne
FN:130,run
FNF:7
FNH:5
FNDA:1,saveDatabase
FNDA:1,initializeDatabase
FNDA:1,seedDatabase
FNDA:0,getDb
FNDA:5,queryAll
FNDA:2,queryOne
FNDA:0,run
DA:1,1
DA:2,1
DA:3,1
DA:5,1
DA:10,1
DA:11,1
DA:12,1
DA:15,1
DA:16,1
DA:18,1
DA:19,1
DA:20,1
DA:22,0
DA:25,1
DA:27,1
DA:37,1
DA:52,1
DA:63,1
DA:75,1
DA:76,1
DA:77,1
DA:81,1
DA:82,1
DA:84,1
DA:85,0
DA:97,0
DA:101,0
DA:102,0
DA:104,0
DA:105,0
DA:106,0
DA:110,1
DA:111,0
DA:114,1
DA:115,5
DA:116,5
DA:117,5
DA:118,5
DA:119,19
DA:121,5
DA:122,5
DA:125,1
DA:126,2
DA:127,2
DA:130,1
DA:131,0
DA:132,0
DA:133,0
DA:134,0
DA:135,0
DA:141,1
LF:51
LH:37
BRDA:18,0,0,1
BRDA:18,0,1,0
BRDA:82,1,0,1
BRDA:82,1,1,0
BRDA:84,2,0,0
BRDA:116,3,0,3
BRDA:127,4,0,1
BRDA:127,4,1,1
BRDA:136,5,0,0
BRDA:136,5,1,0
BRF:10
BRH:5
end_of_record
TN:
SF:src\index.ts
FN:8,startServer
FN:21,(anonymous_2)
FN:25,(anonymous_3)
FNF:3
FNH:0
FNDA:0,startServer
FNDA:0,(anonymous_2)
FNDA:0,(anonymous_3)
DA:1,0
DA:2,0
DA:3,0
DA:4,0
DA:5,0
DA:6,0
DA:9,0
DA:11,0
DA:12,0
DA:14,0
DA:15,0
DA:17,0
DA:18,0
DA:19,0
DA:21,0
DA:22,0
DA:25,0
DA:26,0
DA:27,0
DA:28,0
DA:29,0
DA:30,0
DA:31,0
DA:32,0
DA:33,0
DA:34,0
DA:35,0
DA:36,0
DA:37,0
DA:41,0
DA:43,0
LF:31
LH:0
BRDA:12,0,0,0
BRDA:12,0,1,0
BRF:2
BRH:0
end_of_record
TN:
SF:src\sql.js.d.ts
FNF:0
FNH:0
LF:0
LH:0
BRF:0
BRH:0
end_of_record
TN:
SF:src\middleware\auth.middleware.ts
FN:10,generateToken
FN:14,authMiddleware
FN:33,optionalAuth
FNF:3
FNH:1
FNDA:4,generateToken
FNDA:0,authMiddleware
FNDA:0,optionalAuth
DA:2,1
DA:4,1
DA:10,1
DA:11,4
DA:14,1
DA:15,0
DA:17,0
DA:18,0
DA:19,0
DA:22,0
DA:24,0
DA:25,0
DA:26,0
DA:27,0
DA:29,0
DA:33,1
DA:34,0
DA:36,0
DA:37,0
DA:38,0
DA:39,0
DA:40,0
DA:45,0
LF:23
LH:6
BRDA:4,0,0,1
BRDA:4,0,1,1
BRDA:17,1,0,0
BRDA:17,2,0,0
BRDA:17,2,1,0
BRDA:36,3,0,0
BRDA:36,4,0,0
BRDA:36,4,1,0
BRF:8
BRH:2
end_of_record
TN:
SF:src\routes\auth.routes.ts
FN:8,(anonymous_1)
FN:40,(anonymous_2)
FN:73,(anonymous_3)
FNF:3
FNH:0
FNDA:0,(anonymous_1)
FNDA:0,(anonymous_2)
FNDA:0,(anonymous_3)
DA:1,0
DA:2,0
DA:3,0
DA:4,0
DA:6,0
DA:8,0
DA:9,0
DA:11,0
DA:12,0
DA:13,0
DA:16,0
DA:20,0
DA:21,0
DA:22,0
DA:25,0
DA:26,0
DA:31,0
DA:33,0
DA:40,0
DA:41,0
DA:43,0
DA:44,0
DA:45,0
DA:48,0
DA:53,0
DA:54,0
DA:55,0
DA:58,0
DA:59,0
DA:60,0
DA:61,0
DA:64,0
DA:66,0
DA:73,0
DA:74,0
DA:79,0
DA:80,0
DA:81,0
DA:84,0
DA:87,0
LF:40
LH:0
BRDA:11,0,0,0
BRDA:11,1,0,0
BRDA:11,1,1,0
BRDA:11,1,2,0
BRDA:20,2,0,0
BRDA:43,3,0,0
BRDA:43,4,0,0
BRDA:43,4,1,0
BRDA:53,5,0,0
BRDA:59,6,0,0
BRDA:79,7,0,0
BRF:11
BRH:0
end_of_record
TN:
SF:src\routes\orders.routes.ts
FN:9,(anonymous_0)
FN:48,(anonymous_1)
FN:62,(anonymous_2)
FNF:3
FNH:0
FNDA:0,(anonymous_0)
FNDA:0,(anonymous_1)
FNDA:0,(anonymous_2)
DA:1,0
DA:2,0
DA:3,0
DA:5,0
DA:7,0
DA:9,0
DA:10,0
DA:12,0
DA:13,0
DA:14,0
DA:17,0
DA:18,0
DA:19,0
DA:20,0
DA:21,0
DA:22,0
DA:24,0
DA:27,0
DA:32,0
DA:34,0
DA:35,0
DA:36,0
DA:42,0
DA:48,0
DA:49,0
DA:59,0
DA:62,0
DA:63,0
DA:68,0
DA:69,0
DA:70,0
DA:73,0
DA:81,0
DA:84,0
LF:34
LH:0
BRDA:12,0,0,0
BRDA:12,1,0,0
BRDA:12,1,1,0
BRDA:12,1,2,0
BRDA:20,2,0,0
BRDA:68,3,0,0
BRF:6
BRH:0
end_of_record
TN:
SF:src\routes\products.routes.ts
FN:6,(anonymous_0)
FN:19,(anonymous_1)
FN:21,(anonymous_2)
FN:25,(anonymous_3)
FNF:4
FNH:0
FNDA:0,(anonymous_0)
FNDA:0,(anonymous_1)
FNDA:0,(anonymous_2)
FNDA:0,(anonymous_3)
DA:1,0
DA:2,0
DA:4,0
DA:6,0
DA:7,0
DA:10,0
DA:11,0
DA:13,0
DA:16,0
DA:19,0
DA:20,0
DA:21,0
DA:22,0
DA:25,0
DA:26,0
DA:28,0
DA:29,0
DA:30,0
DA:33,0
DA:36,0
LF:20
LH:0
BRDA:10,0,0,0
BRDA:10,0,1,0
BRDA:10,1,0,0
BRDA:10,1,1,0
BRDA:28,2,0,0
BRF:5
BRH:0
end_of_record
